Log file open, 05/11/20 12:18:38
LogWindows: Failed to load 'aqProf.dll' (GetLastError=126)
LogWindows: File 'aqProf.dll' does not exist
LogWindows: Failed to load 'VtuneApi.dll' (GetLastError=126)
LogWindows: File 'VtuneApi.dll' does not exist
LogWindows: Failed to load 'VtuneApi32e.dll' (GetLastError=126)
LogWindows: File 'VtuneApi32e.dll' does not exist
LogConsoleResponse: Display: Failed to find resolution value strings in scalability ini. Falling back to default.
LogInit: Display: Running engine for game: GameProject
LogPlatformFile: Not using cached read wrapper
LogTaskGraph: Started task graph with 5 named threads and 23 total threads with 3 sets of task threads.
LogStats: Stats thread started at 0.280788
LogD3D11RHI: Loaded GFSDK_Aftermath_Lib.x64.dll
LogICUInternationalization: ICU TimeZone Detection - Raw Offset: +10:00, Platform Override: ''
LogPluginManager: Mounting plugin Paper2D
LogPluginManager: Mounting plugin AISupport
LogPluginManager: Mounting plugin LightPropagationVolume
LogPluginManager: Mounting plugin ActorLayerUtilities
LogPluginManager: Mounting plugin AnimationSharing
LogPluginManager: Mounting plugin CLionSourceCodeAccess
LogPluginManager: Mounting plugin CodeLiteSourceCodeAccess
LogPluginManager: Mounting plugin GitSourceControl
LogPluginManager: Mounting plugin KDevelopSourceCodeAccess
LogPluginManager: Mounting plugin NullSourceCodeAccess
LogPluginManager: Mounting plugin PerforceSourceControl
LogPluginManager: Mounting plugin PlasticSourceControl
LogPluginManager: Mounting plugin SubversionSourceControl
LogPluginManager: Mounting plugin UObjectPlugin
LogPluginManager: Mounting plugin VisualStudioCodeSourceCodeAccess
LogPluginManager: Mounting plugin VisualStudioSourceCodeAccess
LogPluginManager: Mounting plugin XCodeSourceCodeAccess
LogPluginManager: Mounting plugin AssetManagerEditor
LogPluginManager: Mounting plugin CryptoKeys
LogPluginManager: Mounting plugin CurveEditorTools
LogPluginManager: Mounting plugin DataValidation
LogPluginManager: Mounting plugin FacialAnimation
LogPluginManager: Mounting plugin GameplayTagsEditor
LogPluginManager: Mounting plugin MacGraphicsSwitching
LogPluginManager: Mounting plugin MaterialAnalyzer
LogPluginManager: Mounting plugin MobileLauncherProfileWizard
LogPluginManager: Mounting plugin PluginBrowser
LogPluginManager: Mounting plugin SpeedTreeImporter
LogPluginManager: Mounting plugin DatasmithContent
LogPluginManager: Mounting plugin VariantManagerContent
LogPluginManager: Mounting plugin AlembicImporter
LogPluginManager: Mounting plugin AutomationUtils
LogPluginManager: Mounting plugin BackChannel
LogPluginManager: Mounting plugin CharacterAI
LogPluginManager: Mounting plugin GeometryCache
LogPluginManager: Mounting plugin PlatformCrypto
LogPluginManager: Mounting plugin ProxyLODPlugin
LogPluginManager: Mounting plugin SkeletalReduction
LogPluginManager: Mounting plugin MagicLeap
LogPluginManager: Mounting plugin MagicLeapMedia
LogPluginManager: Mounting plugin MLSDK
LogPluginManager: Mounting plugin AndroidMedia
LogPluginManager: Mounting plugin AvfMedia
LogPluginManager: Mounting plugin ImgMedia
LogPluginManager: Mounting plugin MediaCompositing
LogPluginManager: Mounting plugin MediaPlayerEditor
LogPluginManager: Mounting plugin WebMMedia
LogPluginManager: Mounting plugin WmfMedia
LogPluginManager: Mounting plugin TcpMessaging
LogPluginManager: Mounting plugin UdpMessaging
LogPluginManager: Mounting plugin ActorSequence
LogPluginManager: Mounting plugin LevelSequenceEditor
LogPluginManager: Mounting plugin MatineeToLevelSequence
LogPluginManager: Mounting plugin NetcodeUnitTest
LogPluginManager: Mounting plugin NUTUnrealEngine4
LogPluginManager: Mounting plugin OnlineSubsystemGooglePlay
LogPluginManager: Mounting plugin OnlineSubsystemIOS
LogPluginManager: Mounting plugin OnlineSubsystem
LogPluginManager: Mounting plugin OnlineSubsystemNull
LogPluginManager: Mounting plugin OnlineSubsystemUtils
LogPluginManager: Mounting plugin LauncherChunkInstaller
LogPluginManager: Mounting plugin AndroidDeviceProfileSelector
LogPluginManager: Mounting plugin AndroidMoviePlayer
LogPluginManager: Mounting plugin AndroidPermission
LogPluginManager: Mounting plugin AppleImageUtils
LogPluginManager: Mounting plugin AppleMoviePlayer
LogPluginManager: Mounting plugin ArchVisCharacter
LogPluginManager: Mounting plugin AssetTags
LogPluginManager: Mounting plugin AudioCapture
LogPluginManager: Mounting plugin CableComponent
LogPluginManager: Mounting plugin CustomMeshComponent
LogPluginManager: Mounting plugin EditableMesh
LogPluginManager: Mounting plugin ExampleDeviceProfileSelector
LogPluginManager: Mounting plugin GoogleCloudMessaging
LogPluginManager: Mounting plugin IOSDeviceProfileSelector
LogPluginManager: Mounting plugin LinuxDeviceProfileSelector
LogPluginManager: Mounting plugin LocationServicesBPLibrary
LogPluginManager: Mounting plugin MobilePatchingUtils
LogPluginManager: Mounting plugin OculusVR
LogPluginManager: Mounting plugin PhysXVehicles
LogPluginManager: Mounting plugin PostSplashScreen
LogPluginManager: Mounting plugin ProceduralMeshComponent
LogPluginManager: Mounting plugin RuntimePhysXCooking
LogPluginManager: Mounting plugin SignificanceManager
LogPluginManager: Mounting plugin SteamVR
LogPluginManager: Mounting plugin WebMMoviePlayer
LogPluginManager: Mounting plugin WindowsMoviePlayer
LogPluginManager: Mounting plugin ScreenshotTools
LogInit: Using libcurl 7.55.1-DEV
LogInit:  - built for x86_64-pc-win32
LogInit:  - supports SSL with OpenSSL/1.1.1
LogInit:  - supports HTTP deflate (compression) using libz 1.2.8
LogInit:  - other features:
LogInit:      CURL_VERSION_SSL
LogInit:      CURL_VERSION_LIBZ
LogInit:      CURL_VERSION_IPV6
LogInit:      CURL_VERSION_ASYNCHDNS
LogInit:      CURL_VERSION_LARGEFILE
LogInit:      CURL_VERSION_IDN
LogInit:  CurlRequestOptions (configurable via config and command line):
LogInit:  - bVerifyPeer = true  - Libcurl will verify peer certificate
LogInit:  - bUseHttpProxy = false  - Libcurl will NOT use HTTP proxy
LogInit:  - bDontReuseConnections = false  - Libcurl will reuse connections
LogInit:  - MaxHostConnections = 16  - Libcurl will limit the number of connections to a host
LogInit:  - LocalHostAddr = Default
LogInit:  - BufferSize = 65536
LogOnline: OSS: Creating online subsystem instance for: NULL
LogInit: WinSock: version 1.1 (2.2), MaxSocks=32767, MaxUdp=65467
LogOnline: OSS: TryLoadSubsystemAndSetDefault: Loaded subsystem for module [NULL]
LogInit: Build: ++UE4+Release-4.24-CL-11590370
LogInit: Engine Version: 4.24.3-11590370+++UE4+Release-4.24
LogInit: Compatible Engine Version: 4.24.0-10570792+++UE4+Release-4.24
LogInit: Net CL: 10570792
LogInit: OS: Windows 10 (Release 1909) (), CPU: Intel(R) Core(TM) i7-8550U CPU @ 1.80GHz, GPU: Intel(R) UHD Graphics 620
LogInit: Compiled (64-bit): Feb 24 2020 15:39:18
LogInit: Compiled with Visual C++: 19.16.27032.01
LogInit: Build Configuration: Development
LogInit: Branch Name: ++UE4+Release-4.24
LogInit: Command Line: 
LogInit: Base Directory: D:/UE_4.24/Engine/Binaries/Win64/
LogInit: Installed Engine Build: 1
LogDevObjectVersion: Number of dev versions registered: 25
LogDevObjectVersion:   Dev-Blueprints (B0D832E4-1F89-4F0D-ACCF-7EB736FD4AA2): 10
LogDevObjectVersion:   Dev-Build (E1C64328-A22C-4D53-A36C-8E866417BD8C): 0
LogDevObjectVersion:   Dev-Core (375EC13C-06E4-48FB-B500-84F0262A717E): 3
LogDevObjectVersion:   Dev-Editor (E4B068ED-F494-42E9-A231-DA0B2E46BB41): 37
LogDevObjectVersion:   Dev-Framework (CFFC743F-43B0-4480-9391-14DF171D2073): 36
LogDevObjectVersion:   Dev-Mobile (B02B49B5-BB20-44E9-A304-32B752E40360): 2
LogDevObjectVersion:   Dev-Networking (A4E4105C-59A1-49B5-A7C5-40C4547EDFEE): 0
LogDevObjectVersion:   Dev-Online (39C831C9-5AE6-47DC-9A44-9C173E1C8E7C): 0
LogDevObjectVersion:   Dev-Physics (78F01B33-EBEA-4F98-B9B4-84EACCB95AA2): 2
LogDevObjectVersion:   Dev-Platform (6631380F-2D4D-43E0-8009-CF276956A95A): 0
LogDevObjectVersion:   Dev-Rendering (12F88B9F-8875-4AFC-A67C-D90C383ABD29): 36
LogDevObjectVersion:   Dev-Sequencer (7B5AE74C-D270-4C10-A958-57980B212A5A): 11
LogDevObjectVersion:   Dev-VR (D7296918-1DD6-4BDD-9DE2-64A83CC13884): 2
LogDevObjectVersion:   Dev-LoadTimes (C2A15278-BFE7-4AFE-6C17-90FF531DF755): 1
LogDevObjectVersion:   Private-Geometry (6EACA3D4-40EC-4CC1-B786-8BED09428FC5): 3
LogDevObjectVersion:   Dev-AnimPhys (29E575DD-E0A3-4627-9D10-D276232CDCEA): 17
LogDevObjectVersion:   Dev-Anim (AF43A65D-7FD3-4947-9873-3E8ED9C1BB05): 2
LogDevObjectVersion:   Dev-ReflectionCapture (6B266CEC-1EC7-4B8F-A30B-E4D90942FC07): 1
LogDevObjectVersion:   Dev-Automation (0DF73D61-A23F-47EA-B727-89E90C41499A): 1
LogDevObjectVersion:   FortniteMain (601D1886-AC64-4F84-AA16-D3DE0DEAC7D6): 31
LogDevObjectVersion:   Dev-Enterprise (9DFFBCD6-494F-0158-E221-12823C92A888): 8
LogDevObjectVersion:   Dev-Niagara (F2AED0AC-9AFE-416F-8664-AA7FFA26D6FC): 1
LogDevObjectVersion:   Dev-Destruction (174F1F0B-B4C6-45A5-B13F-2EE8D0FB917D): 9
LogDevObjectVersion:   Dev-Physics-Ext (35F94A83-E258-406C-A318-09F59610247C): 8
LogDevObjectVersion:   Dev-CineCamera (B2E18506-4273-CFC2-A54E-F4BB758BBA07): 1
LogInit: Presizing for max 25165824 objects, including 0 objects not considered by GC, pre-allocating 0 bytes for permanent pool.
LogInit: Object subsystem initialized
LogConfig: Setting CVar [[con.DebugEarlyDefault:1]]
LogConfig: Setting CVar [[r.setres:1280x720]]
[2020.05.11-02.18.39:234][  0]LogConfig: Setting CVar [[r.VSync:0]]
[2020.05.11-02.18.39:234][  0]LogConfig: Setting CVar [[r.RHICmdBypass:0]]
[2020.05.11-02.18.39:234][  0]LogConfig: Applying CVar settings from Section [/Script/Engine.RendererSettings] File [C:/Users/adsu/Documents/GitHub/ProjectGame/GameProject/Saved/Config/Windows/Engine.ini]
[2020.05.11-02.18.39:234][  0]LogConfig: Setting CVar [[r.GPUCrashDebugging:0]]
[2020.05.11-02.18.39:234][  0]LogConfig: Applying CVar settings from Section [/Script/Engine.RendererOverrideSettings] File [C:/Users/adsu/Documents/GitHub/ProjectGame/GameProject/Saved/Config/Windows/Engine.ini]
[2020.05.11-02.18.39:234][  0]LogConfig: Applying CVar settings from Section [/Script/Engine.StreamingSettings] File [C:/Users/adsu/Documents/GitHub/ProjectGame/GameProject/Saved/Config/Windows/Engine.ini]
[2020.05.11-02.18.39:234][  0]LogConfig: Setting CVar [[s.MinBulkDataSizeForAsyncLoading:131072]]
[2020.05.11-02.18.39:234][  0]LogConfig: Setting CVar [[s.AsyncLoadingThreadEnabled:0]]
[2020.05.11-02.18.39:234][  0]LogConfig: Setting CVar [[s.EventDrivenLoaderEnabled:1]]
[2020.05.11-02.18.39:234][  0]LogConfig: Setting CVar [[s.WarnIfTimeLimitExceeded:0]]
[2020.05.11-02.18.39:234][  0]LogConfig: Setting CVar [[s.TimeLimitExceededMultiplier:1.5]]
[2020.05.11-02.18.39:234][  0]LogConfig: Setting CVar [[s.TimeLimitExceededMinTime:0.005]]
[2020.05.11-02.18.39:234][  0]LogConfig: Setting CVar [[s.UseBackgroundLevelStreaming:1]]
[2020.05.11-02.18.39:234][  0]LogConfig: Setting CVar [[s.PriorityAsyncLoadingExtraTime:15.0]]
[2020.05.11-02.18.39:234][  0]LogConfig: Setting CVar [[s.LevelStreamingActorsUpdateTimeLimit:5.0]]
[2020.05.11-02.18.39:234][  0]LogConfig: Setting CVar [[s.PriorityLevelStreamingActorsUpdateExtraTime:5.0]]
[2020.05.11-02.18.39:234][  0]LogConfig: Setting CVar [[s.LevelStreamingComponentsRegistrationGranularity:10]]
[2020.05.11-02.18.39:235][  0]LogConfig: Setting CVar [[s.UnregisterComponentsTimeLimit:1.0]]
[2020.05.11-02.18.39:235][  0]LogConfig: Setting CVar [[s.LevelStreamingComponentsUnregistrationGranularity:5]]
[2020.05.11-02.18.39:235][  0]LogConfig: Setting CVar [[s.FlushStreamingOnExit:1]]
[2020.05.11-02.18.39:235][  0]LogConfig: Applying CVar settings from Section [/Script/Engine.GarbageCollectionSettings] File [C:/Users/adsu/Documents/GitHub/ProjectGame/GameProject/Saved/Config/Windows/Engine.ini]
[2020.05.11-02.18.39:235][  0]LogConfig: Setting CVar [[gc.MaxObjectsNotConsideredByGC:1]]
[2020.05.11-02.18.39:235][  0]LogConfig: Setting CVar [[gc.SizeOfPermanentObjectPool:0]]
[2020.05.11-02.18.39:235][  0]LogConfig: Setting CVar [[gc.FlushStreamingOnGC:0]]
[2020.05.11-02.18.39:235][  0]LogConfig: Setting CVar [[gc.NumRetriesBeforeForcingGC:10]]
[2020.05.11-02.18.39:235][  0]LogConfig: Setting CVar [[gc.AllowParallelGC:1]]
[2020.05.11-02.18.39:235][  0]LogConfig: Setting CVar [[gc.TimeBetweenPurgingPendingKillObjects:61.1]]
[2020.05.11-02.18.39:235][  0]LogConfig: Setting CVar [[gc.MaxObjectsInEditor:25165824]]
[2020.05.11-02.18.39:235][  0]LogConfig: Setting CVar [[gc.IncrementalBeginDestroyEnabled:1]]
[2020.05.11-02.18.39:235][  0]LogConfig: Setting CVar [[gc.CreateGCClusters:1]]
[2020.05.11-02.18.39:235][  0]LogConfig: Setting CVar [[gc.MinGCClusterSize:5]]
[2020.05.11-02.18.39:235][  0]LogConfig: Setting CVar [[gc.ActorClusteringEnabled:0]]
[2020.05.11-02.18.39:235][  0]LogConfig: Setting CVar [[gc.BlueprintClusteringEnabled:0]]
[2020.05.11-02.18.39:235][  0]LogConfig: Setting CVar [[gc.UseDisregardForGCOnDedicatedServers:0]]
[2020.05.11-02.18.39:235][  0]LogConfig: Applying CVar settings from Section [/Script/Engine.NetworkSettings] File [C:/Users/adsu/Documents/GitHub/ProjectGame/GameProject/Saved/Config/Windows/Engine.ini]
[2020.05.11-02.18.39:235][  0]LogConfig: Applying CVar settings from Section [/Script/UnrealEd.CookerSettings] File [C:/Users/adsu/Documents/GitHub/ProjectGame/GameProject/Saved/Config/Windows/Engine.ini]
[2020.05.11-02.18.39:243][  0]LogConfig: Applying CVar settings from Section [ViewDistanceQuality@3] File [C:/Users/adsu/Documents/GitHub/ProjectGame/GameProject/Saved/Config/Windows/Scalability.ini]
[2020.05.11-02.18.39:243][  0]LogConfig: Setting CVar [[r.SkeletalMeshLODBias:0]]
[2020.05.11-02.18.39:243][  0]LogConfig: Setting CVar [[r.ViewDistanceScale:1.0]]
[2020.05.11-02.18.39:243][  0]LogConfig: Applying CVar settings from Section [AntiAliasingQuality@3] File [C:/Users/adsu/Documents/GitHub/ProjectGame/GameProject/Saved/Config/Windows/Scalability.ini]
[2020.05.11-02.18.39:243][  0]LogConfig: Setting CVar [[r.PostProcessAAQuality:4]]
[2020.05.11-02.18.39:243][  0]LogConfig: Applying CVar settings from Section [ShadowQuality@3] File [C:/Users/adsu/Documents/GitHub/ProjectGame/GameProject/Saved/Config/Windows/Scalability.ini]
[2020.05.11-02.18.39:243][  0]LogConfig: Setting CVar [[r.LightFunctionQuality:1]]
[2020.05.11-02.18.39:243][  0]LogConfig: Setting CVar [[r.ShadowQuality:5]]
[2020.05.11-02.18.39:243][  0]LogConfig: Setting CVar [[r.Shadow.CSM.MaxCascades:10]]
[2020.05.11-02.18.39:243][  0]LogConfig: Setting CVar [[r.Shadow.MaxResolution:2048]]
[2020.05.11-02.18.39:243][  0]LogConfig: Setting CVar [[r.Shadow.MaxCSMResolution:2048]]
[2020.05.11-02.18.39:243][  0]LogConfig: Setting CVar [[r.Shadow.RadiusThreshold:0.01]]
[2020.05.11-02.18.39:243][  0]LogConfig: Setting CVar [[r.Shadow.DistanceScale:1.0]]
[2020.05.11-02.18.39:243][  0]LogConfig: Setting CVar [[r.Shadow.CSM.TransitionScale:1.0]]
[2020.05.11-02.18.39:243][  0]LogConfig: Setting CVar [[r.Shadow.PreShadowResolutionFactor:1.0]]
[2020.05.11-02.18.39:243][  0]LogConfig: Setting CVar [[r.DistanceFieldShadowing:1]]
[2020.05.11-02.18.39:243][  0]LogConfig: Setting CVar [[r.DistanceFieldAO:1]]
[2020.05.11-02.18.39:243][  0]LogConfig: Setting CVar [[r.AOQuality:2]]
[2020.05.11-02.18.39:243][  0]LogConfig: Setting CVar [[r.VolumetricFog:1]]
[2020.05.11-02.18.39:243][  0]LogConfig: Setting CVar [[r.VolumetricFog.GridPixelSize:8]]
[2020.05.11-02.18.39:243][  0]LogConfig: Setting CVar [[r.VolumetricFog.GridSizeZ:128]]
[2020.05.11-02.18.39:244][  0]LogConfig: Setting CVar [[r.VolumetricFog.HistoryMissSupersampleCount:4]]
[2020.05.11-02.18.39:244][  0]LogConfig: Setting CVar [[r.LightMaxDrawDistanceScale:1]]
[2020.05.11-02.18.39:244][  0]LogConfig: Setting CVar [[r.CapsuleShadows:1]]
[2020.05.11-02.18.39:244][  0]LogConfig: Applying CVar settings from Section [PostProcessQuality@3] File [C:/Users/adsu/Documents/GitHub/ProjectGame/GameProject/Saved/Config/Windows/Scalability.ini]
[2020.05.11-02.18.39:244][  0]LogConfig: Setting CVar [[r.MotionBlurQuality:4]]
[2020.05.11-02.18.39:244][  0]LogConfig: Setting CVar [[r.AmbientOcclusionMipLevelFactor:0.4]]
[2020.05.11-02.18.39:244][  0]LogConfig: Setting CVar [[r.AmbientOcclusionMaxQuality:100]]
[2020.05.11-02.18.39:244][  0]LogConfig: Setting CVar [[r.AmbientOcclusionLevels:-1]]
[2020.05.11-02.18.39:244][  0]LogConfig: Setting CVar [[r.AmbientOcclusionRadiusScale:1.0]]
[2020.05.11-02.18.39:244][  0]LogConfig: Setting CVar [[r.DepthOfFieldQuality:2]]
[2020.05.11-02.18.39:244][  0]LogConfig: Setting CVar [[r.RenderTargetPoolMin:400]]
[2020.05.11-02.18.39:244][  0]LogConfig: Setting CVar [[r.LensFlareQuality:2]]
[2020.05.11-02.18.39:244][  0]LogConfig: Setting CVar [[r.SceneColorFringeQuality:1]]
[2020.05.11-02.18.39:244][  0]LogConfig: Setting CVar [[r.EyeAdaptationQuality:2]]
[2020.05.11-02.18.39:244][  0]LogConfig: Setting CVar [[r.BloomQuality:5]]
[2020.05.11-02.18.39:244][  0]LogConfig: Setting CVar [[r.FastBlurThreshold:100]]
[2020.05.11-02.18.39:244][  0]LogConfig: Setting CVar [[r.Upscale.Quality:3]]
[2020.05.11-02.18.39:244][  0]LogConfig: Setting CVar [[r.Tonemapper.GrainQuantization:1]]
[2020.05.11-02.18.39:244][  0]LogConfig: Setting CVar [[r.LightShaftQuality:1]]
[2020.05.11-02.18.39:244][  0]LogConfig: Setting CVar [[r.Filter.SizeScale:1]]
[2020.05.11-02.18.39:244][  0]LogConfig: Setting CVar [[r.Tonemapper.Quality:5]]
[2020.05.11-02.18.39:244][  0]LogConfig: Setting CVar [[r.DOF.Gather.AccumulatorQuality:1        ; higher gathering accumulator quality]]
[2020.05.11-02.18.39:244][  0]LogConfig: Setting CVar [[r.DOF.Gather.PostfilterMethod:1          ; Median3x3 postfilering method]]
[2020.05.11-02.18.39:244][  0]LogConfig: Setting CVar [[r.DOF.Gather.EnableBokehSettings:0       ; no bokeh simulation when gathering]]
[2020.05.11-02.18.39:245][  0]LogConfig: Setting CVar [[r.DOF.Gather.RingCount:4                 ; medium number of samples when gathering]]
[2020.05.11-02.18.39:245][  0]LogConfig: Setting CVar [[r.DOF.Scatter.ForegroundCompositing:1    ; additive foreground scattering]]
[2020.05.11-02.18.39:245][  0]LogConfig: Setting CVar [[r.DOF.Scatter.BackgroundCompositing:2    ; additive background scattering]]
[2020.05.11-02.18.39:245][  0]LogConfig: Setting CVar [[r.DOF.Scatter.EnableBokehSettings:1      ; bokeh simulation when scattering]]
[2020.05.11-02.18.39:245][  0]LogConfig: Setting CVar [[r.DOF.Scatter.MaxSpriteRatio:0.1         ; only a maximum of 10% of scattered bokeh]]
[2020.05.11-02.18.39:245][  0]LogConfig: Setting CVar [[r.DOF.Recombine.Quality:1                ; cheap slight out of focus]]
[2020.05.11-02.18.39:245][  0]LogConfig: Setting CVar [[r.DOF.Recombine.EnableBokehSettings:0    ; no bokeh simulation on slight out of focus]]
[2020.05.11-02.18.39:245][  0]LogConfig: Setting CVar [[r.DOF.TemporalAAQuality:1                ; more stable temporal accumulation]]
[2020.05.11-02.18.39:245][  0]LogConfig: Setting CVar [[r.DOF.Kernel.MaxForegroundRadius:0.025]]
[2020.05.11-02.18.39:245][  0]LogConfig: Setting CVar [[r.DOF.Kernel.MaxBackgroundRadius:0.025]]
[2020.05.11-02.18.39:245][  0]LogConfig: Applying CVar settings from Section [TextureQuality@3] File [C:/Users/adsu/Documents/GitHub/ProjectGame/GameProject/Saved/Config/Windows/Scalability.ini]
[2020.05.11-02.18.39:245][  0]LogConfig: Setting CVar [[r.Streaming.MipBias:0]]
[2020.05.11-02.18.39:245][  0]LogConfig: Setting CVar [[r.Streaming.AmortizeCPUToGPUCopy:0]]
[2020.05.11-02.18.39:245][  0]LogConfig: Setting CVar [[r.Streaming.MaxNumTexturesToStreamPerFrame:0]]
[2020.05.11-02.18.39:245][  0]LogConfig: Setting CVar [[r.Streaming.Boost:1]]
[2020.05.11-02.18.39:245][  0]LogConfig: Setting CVar [[r.MaxAnisotropy:8]]
[2020.05.11-02.18.39:245][  0]LogConfig: Setting CVar [[r.VT.MaxAnisotropy:8]]
[2020.05.11-02.18.39:245][  0]LogConfig: Setting CVar [[r.Streaming.LimitPoolSizeToVRAM:0]]
[2020.05.11-02.18.39:245][  0]LogConfig: Setting CVar [[r.Streaming.PoolSize:1000]]
[2020.05.11-02.18.39:245][  0]LogConfig: Setting CVar [[r.Streaming.MaxEffectiveScreenSize:0]]
[2020.05.11-02.18.39:245][  0]LogConfig: Applying CVar settings from Section [EffectsQuality@3] File [C:/Users/adsu/Documents/GitHub/ProjectGame/GameProject/Saved/Config/Windows/Scalability.ini]
[2020.05.11-02.18.39:245][  0]LogConfig: Setting CVar [[r.TranslucencyLightingVolumeDim:64]]
[2020.05.11-02.18.39:245][  0]LogConfig: Setting CVar [[r.RefractionQuality:2]]
[2020.05.11-02.18.39:245][  0]LogConfig: Setting CVar [[r.SSR.Quality:3]]
[2020.05.11-02.18.39:245][  0]LogConfig: Setting CVar [[r.SSR.HalfResSceneColor:0]]
[2020.05.11-02.18.39:246][  0]LogConfig: Setting CVar [[r.SceneColorFormat:4]]
[2020.05.11-02.18.39:246][  0]LogConfig: Setting CVar [[r.DetailMode:2]]
[2020.05.11-02.18.39:246][  0]LogConfig: Setting CVar [[r.TranslucencyVolumeBlur:1]]
[2020.05.11-02.18.39:246][  0]LogConfig: Setting CVar [[r.MaterialQualityLevel:1 ; High quality]]
[2020.05.11-02.18.39:246][  0]LogConfig: Setting CVar [[r.SSS.Scale:1]]
[2020.05.11-02.18.39:246][  0]LogConfig: Setting CVar [[r.SSS.SampleSet:2]]
[2020.05.11-02.18.39:246][  0]LogConfig: Setting CVar [[r.SSS.Quality:1]]
[2020.05.11-02.18.39:246][  0]LogConfig: Setting CVar [[r.SSS.HalfRes:1]]
[2020.05.11-02.18.39:246][  0]LogConfig: Setting CVar [[r.SSGI.Quality:3]]
[2020.05.11-02.18.39:246][  0]LogConfig: Setting CVar [[r.EmitterSpawnRateScale:1.0]]
[2020.05.11-02.18.39:246][  0]LogConfig: Setting CVar [[r.ParticleLightQuality:2]]
[2020.05.11-02.18.39:246][  0]LogConfig: Setting CVar [[r.SkyAtmosphere.AerialPerspectiveLUT.FastApplyOnOpaque:1 ; Always have FastSkyLUT 1 in this case to avoid wrong sky]]
[2020.05.11-02.18.39:246][  0]LogConfig: Setting CVar [[r.SkyAtmosphere.AerialPerspectiveLUT.SampleCountPerSlice:1]]
[2020.05.11-02.18.39:246][  0]LogConfig: Setting CVar [[r.SkyAtmosphere.AerialPerspectiveLUT.DepthResolution:16.0]]
[2020.05.11-02.18.39:246][  0]LogConfig: Setting CVar [[r.SkyAtmosphere.FastSkyLUT:1]]
[2020.05.11-02.18.39:246][  0]LogConfig: Setting CVar [[r.SkyAtmosphere.FastSkyLUT.SampleCountMin:4.0]]
[2020.05.11-02.18.39:246][  0]LogConfig: Setting CVar [[r.SkyAtmosphere.FastSkyLUT.SampleCountMax:32.0]]
[2020.05.11-02.18.39:246][  0]LogConfig: Setting CVar [[r.SkyAtmosphere.SampleCountMin:4.0]]
[2020.05.11-02.18.39:246][  0]LogConfig: Setting CVar [[r.SkyAtmosphere.SampleCountMax:32.0]]
[2020.05.11-02.18.39:246][  0]LogConfig: Setting CVar [[r.SkyAtmosphere.TransmittanceLUT.UseSmallFormat:0]]
[2020.05.11-02.18.39:246][  0]LogConfig: Setting CVar [[r.SkyAtmosphere.TransmittanceLUT.SampleCount:10.0]]
[2020.05.11-02.18.39:247][  0]LogConfig: Setting CVar [[r.SkyAtmosphere.MultiScatteringLUT.SampleCount:15.0]]
[2020.05.11-02.18.39:247][  0]LogConfig: Applying CVar settings from Section [FoliageQuality@3] File [C:/Users/adsu/Documents/GitHub/ProjectGame/GameProject/Saved/Config/Windows/Scalability.ini]
[2020.05.11-02.18.39:247][  0]LogConfig: Setting CVar [[foliage.DensityScale:1.0]]
[2020.05.11-02.18.39:247][  0]LogConfig: Setting CVar [[grass.DensityScale:1.0]]
[2020.05.11-02.18.39:247][  0]LogConfig: Applying CVar settings from Section [ShadingQuality@3] File [C:/Users/adsu/Documents/GitHub/ProjectGame/GameProject/Saved/Config/Windows/Scalability.ini]
[2020.05.11-02.18.39:247][  0]LogConfig: Setting CVar [[r.HairStrands.SkyLighting.SampleCount:16]]
[2020.05.11-02.18.39:247][  0]LogConfig: Setting CVar [[r.HairStrands.SkyLighting.JitterIntegration:0]]
[2020.05.11-02.18.39:247][  0]LogConfig: Setting CVar [[r.HairStrands.SkyAO.SampleCount:16]]
[2020.05.11-02.18.39:247][  0]LogInit: Selected Device Profile: [Windows]
[2020.05.11-02.18.39:247][  0]LogInit: Applying CVar settings loaded from the selected device profile: [Windows]
[2020.05.11-02.18.39:267][  0]LogHAL: Display: Platform has ~ 16 GB [17072652288 / 17179869184 / 16], which maps to Larger [LargestMinGB=32, LargerMinGB=12, DefaultMinGB=8, SmallerMinGB=6, SmallestMinGB=0)
[2020.05.11-02.18.39:267][  0]LogInit: Going up to parent DeviceProfile []
[2020.05.11-02.18.39:267][  0]LogConfig: Applying CVar settings from Section [ViewDistanceQuality@3] File [C:/Users/adsu/Documents/GitHub/ProjectGame/GameProject/Saved/Config/Windows/Scalability.ini]
[2020.05.11-02.18.39:267][  0]LogConfig: Setting CVar [[r.SkeletalMeshLODBias:0]]
[2020.05.11-02.18.39:267][  0]LogConfig: Setting CVar [[r.ViewDistanceScale:1.0]]
[2020.05.11-02.18.39:267][  0]LogConfig: Applying CVar settings from Section [AntiAliasingQuality@3] File [C:/Users/adsu/Documents/GitHub/ProjectGame/GameProject/Saved/Config/Windows/Scalability.ini]
[2020.05.11-02.18.39:267][  0]LogConfig: Setting CVar [[r.PostProcessAAQuality:4]]
[2020.05.11-02.18.39:267][  0]LogConfig: Applying CVar settings from Section [ShadowQuality@3] File [C:/Users/adsu/Documents/GitHub/ProjectGame/GameProject/Saved/Config/Windows/Scalability.ini]
[2020.05.11-02.18.39:267][  0]LogConfig: Setting CVar [[r.LightFunctionQuality:1]]
[2020.05.11-02.18.39:267][  0]LogConfig: Setting CVar [[r.ShadowQuality:5]]
[2020.05.11-02.18.39:267][  0]LogConfig: Setting CVar [[r.Shadow.CSM.MaxCascades:10]]
[2020.05.11-02.18.39:268][  0]LogConfig: Setting CVar [[r.Shadow.MaxResolution:2048]]
[2020.05.11-02.18.39:268][  0]LogConfig: Setting CVar [[r.Shadow.MaxCSMResolution:2048]]
[2020.05.11-02.18.39:268][  0]LogConfig: Setting CVar [[r.Shadow.RadiusThreshold:0.01]]
[2020.05.11-02.18.39:268][  0]LogConfig: Setting CVar [[r.Shadow.DistanceScale:1.0]]
[2020.05.11-02.18.39:268][  0]LogConfig: Setting CVar [[r.Shadow.CSM.TransitionScale:1.0]]
[2020.05.11-02.18.39:268][  0]LogConfig: Setting CVar [[r.Shadow.PreShadowResolutionFactor:1.0]]
[2020.05.11-02.18.39:268][  0]LogConfig: Setting CVar [[r.DistanceFieldShadowing:1]]
[2020.05.11-02.18.39:268][  0]LogConfig: Setting CVar [[r.DistanceFieldAO:1]]
[2020.05.11-02.18.39:268][  0]LogConfig: Setting CVar [[r.AOQuality:2]]
[2020.05.11-02.18.39:268][  0]LogConfig: Setting CVar [[r.VolumetricFog:1]]
[2020.05.11-02.18.39:268][  0]LogConfig: Setting CVar [[r.VolumetricFog.GridPixelSize:8]]
[2020.05.11-02.18.39:268][  0]LogConfig: Setting CVar [[r.VolumetricFog.GridSizeZ:128]]
[2020.05.11-02.18.39:268][  0]LogConfig: Setting CVar [[r.VolumetricFog.HistoryMissSupersampleCount:4]]
[2020.05.11-02.18.39:268][  0]LogConfig: Setting CVar [[r.LightMaxDrawDistanceScale:1]]
[2020.05.11-02.18.39:268][  0]LogConfig: Setting CVar [[r.CapsuleShadows:1]]
[2020.05.11-02.18.39:269][  0]LogConfig: Applying CVar settings from Section [PostProcessQuality@3] File [C:/Users/adsu/Documents/GitHub/ProjectGame/GameProject/Saved/Config/Windows/Scalability.ini]
[2020.05.11-02.18.39:269][  0]LogConfig: Setting CVar [[r.MotionBlurQuality:4]]
[2020.05.11-02.18.39:269][  0]LogConfig: Setting CVar [[r.AmbientOcclusionMipLevelFactor:0.4]]
[2020.05.11-02.18.39:269][  0]LogConfig: Setting CVar [[r.AmbientOcclusionMaxQuality:100]]
[2020.05.11-02.18.39:269][  0]LogConfig: Setting CVar [[r.AmbientOcclusionLevels:-1]]
[2020.05.11-02.18.39:269][  0]LogConfig: Setting CVar [[r.AmbientOcclusionRadiusScale:1.0]]
[2020.05.11-02.18.39:269][  0]LogConfig: Setting CVar [[r.DepthOfFieldQuality:2]]
[2020.05.11-02.18.39:269][  0]LogConfig: Setting CVar [[r.RenderTargetPoolMin:400]]
[2020.05.11-02.18.39:269][  0]LogConfig: Setting CVar [[r.LensFlareQuality:2]]
[2020.05.11-02.18.39:269][  0]LogConfig: Setting CVar [[r.SceneColorFringeQuality:1]]
[2020.05.11-02.18.39:269][  0]LogConfig: Setting CVar [[r.EyeAdaptationQuality:2]]
[2020.05.11-02.18.39:269][  0]LogConfig: Setting CVar [[r.BloomQuality:5]]
[2020.05.11-02.18.39:269][  0]LogConfig: Setting CVar [[r.FastBlurThreshold:100]]
[2020.05.11-02.18.39:269][  0]LogConfig: Setting CVar [[r.Upscale.Quality:3]]
[2020.05.11-02.18.39:269][  0]LogConfig: Setting CVar [[r.Tonemapper.GrainQuantization:1]]
[2020.05.11-02.18.39:269][  0]LogConfig: Setting CVar [[r.LightShaftQuality:1]]
[2020.05.11-02.18.39:270][  0]LogConfig: Setting CVar [[r.Filter.SizeScale:1]]
[2020.05.11-02.18.39:270][  0]LogConfig: Setting CVar [[r.Tonemapper.Quality:5]]
[2020.05.11-02.18.39:270][  0]LogConfig: Setting CVar [[r.DOF.Gather.AccumulatorQuality:1        ; higher gathering accumulator quality]]
[2020.05.11-02.18.39:270][  0]LogConfig: Setting CVar [[r.DOF.Gather.PostfilterMethod:1          ; Median3x3 postfilering method]]
[2020.05.11-02.18.39:270][  0]LogConfig: Setting CVar [[r.DOF.Gather.EnableBokehSettings:0       ; no bokeh simulation when gathering]]
[2020.05.11-02.18.39:270][  0]LogConfig: Setting CVar [[r.DOF.Gather.RingCount:4                 ; medium number of samples when gathering]]
[2020.05.11-02.18.39:270][  0]LogConfig: Setting CVar [[r.DOF.Scatter.ForegroundCompositing:1    ; additive foreground scattering]]
[2020.05.11-02.18.39:270][  0]LogConfig: Setting CVar [[r.DOF.Scatter.BackgroundCompositing:2    ; additive background scattering]]
[2020.05.11-02.18.39:270][  0]LogConfig: Setting CVar [[r.DOF.Scatter.EnableBokehSettings:1      ; bokeh simulation when scattering]]
[2020.05.11-02.18.39:270][  0]LogConfig: Setting CVar [[r.DOF.Scatter.MaxSpriteRatio:0.1         ; only a maximum of 10% of scattered bokeh]]
[2020.05.11-02.18.39:270][  0]LogConfig: Setting CVar [[r.DOF.Recombine.Quality:1                ; cheap slight out of focus]]
[2020.05.11-02.18.39:270][  0]LogConfig: Setting CVar [[r.DOF.Recombine.EnableBokehSettings:0    ; no bokeh simulation on slight out of focus]]
[2020.05.11-02.18.39:270][  0]LogConfig: Setting CVar [[r.DOF.TemporalAAQuality:1                ; more stable temporal accumulation]]
[2020.05.11-02.18.39:270][  0]LogConfig: Setting CVar [[r.DOF.Kernel.MaxForegroundRadius:0.025]]
[2020.05.11-02.18.39:270][  0]LogConfig: Setting CVar [[r.DOF.Kernel.MaxBackgroundRadius:0.025]]
[2020.05.11-02.18.39:270][  0]LogConfig: Applying CVar settings from Section [TextureQuality@3] File [C:/Users/adsu/Documents/GitHub/ProjectGame/GameProject/Saved/Config/Windows/Scalability.ini]
[2020.05.11-02.18.39:270][  0]LogConfig: Setting CVar [[r.Streaming.MipBias:0]]
[2020.05.11-02.18.39:270][  0]LogConfig: Setting CVar [[r.Streaming.AmortizeCPUToGPUCopy:0]]
[2020.05.11-02.18.39:270][  0]LogConfig: Setting CVar [[r.Streaming.MaxNumTexturesToStreamPerFrame:0]]
[2020.05.11-02.18.39:270][  0]LogConfig: Setting CVar [[r.Streaming.Boost:1]]
[2020.05.11-02.18.39:270][  0]LogConfig: Setting CVar [[r.MaxAnisotropy:8]]
[2020.05.11-02.18.39:270][  0]LogConfig: Setting CVar [[r.VT.MaxAnisotropy:8]]
[2020.05.11-02.18.39:270][  0]LogConfig: Setting CVar [[r.Streaming.LimitPoolSizeToVRAM:0]]
[2020.05.11-02.18.39:271][  0]LogConfig: Setting CVar [[r.Streaming.PoolSize:1000]]
[2020.05.11-02.18.39:271][  0]LogConfig: Setting CVar [[r.Streaming.MaxEffectiveScreenSize:0]]
[2020.05.11-02.18.39:271][  0]LogConfig: Applying CVar settings from Section [EffectsQuality@3] File [C:/Users/adsu/Documents/GitHub/ProjectGame/GameProject/Saved/Config/Windows/Scalability.ini]
[2020.05.11-02.18.39:271][  0]LogConfig: Setting CVar [[r.TranslucencyLightingVolumeDim:64]]
[2020.05.11-02.18.39:271][  0]LogConfig: Setting CVar [[r.RefractionQuality:2]]
[2020.05.11-02.18.39:271][  0]LogConfig: Setting CVar [[r.SSR.Quality:3]]
[2020.05.11-02.18.39:271][  0]LogConfig: Setting CVar [[r.SSR.HalfResSceneColor:0]]
[2020.05.11-02.18.39:271][  0]LogConfig: Setting CVar [[r.SceneColorFormat:4]]
[2020.05.11-02.18.39:271][  0]LogConfig: Setting CVar [[r.DetailMode:2]]
[2020.05.11-02.18.39:271][  0]LogConfig: Setting CVar [[r.TranslucencyVolumeBlur:1]]
[2020.05.11-02.18.39:271][  0]LogConfig: Setting CVar [[r.MaterialQualityLevel:1 ; High quality]]
[2020.05.11-02.18.39:271][  0]LogConfig: Setting CVar [[r.SSS.Scale:1]]
[2020.05.11-02.18.39:271][  0]LogConfig: Setting CVar [[r.SSS.SampleSet:2]]
[2020.05.11-02.18.39:271][  0]LogConfig: Setting CVar [[r.SSS.Quality:1]]
[2020.05.11-02.18.39:271][  0]LogConfig: Setting CVar [[r.SSS.HalfRes:1]]
[2020.05.11-02.18.39:271][  0]LogConfig: Setting CVar [[r.SSGI.Quality:3]]
[2020.05.11-02.18.39:271][  0]LogConfig: Setting CVar [[r.EmitterSpawnRateScale:1.0]]
[2020.05.11-02.18.39:271][  0]LogConfig: Setting CVar [[r.ParticleLightQuality:2]]
[2020.05.11-02.18.39:271][  0]LogConfig: Setting CVar [[r.SkyAtmosphere.AerialPerspectiveLUT.FastApplyOnOpaque:1 ; Always have FastSkyLUT 1 in this case to avoid wrong sky]]
[2020.05.11-02.18.39:271][  0]LogConfig: Setting CVar [[r.SkyAtmosphere.AerialPerspectiveLUT.SampleCountPerSlice:1]]
[2020.05.11-02.18.39:271][  0]LogConfig: Setting CVar [[r.SkyAtmosphere.AerialPerspectiveLUT.DepthResolution:16.0]]
[2020.05.11-02.18.39:271][  0]LogConfig: Setting CVar [[r.SkyAtmosphere.FastSkyLUT:1]]
[2020.05.11-02.18.39:271][  0]LogConfig: Setting CVar [[r.SkyAtmosphere.FastSkyLUT.SampleCountMin:4.0]]
[2020.05.11-02.18.39:271][  0]LogConfig: Setting CVar [[r.SkyAtmosphere.FastSkyLUT.SampleCountMax:32.0]]
[2020.05.11-02.18.39:271][  0]LogConfig: Setting CVar [[r.SkyAtmosphere.SampleCountMin:4.0]]
[2020.05.11-02.18.39:272][  0]LogConfig: Setting CVar [[r.SkyAtmosphere.SampleCountMax:32.0]]
[2020.05.11-02.18.39:272][  0]LogConfig: Setting CVar [[r.SkyAtmosphere.TransmittanceLUT.UseSmallFormat:0]]
[2020.05.11-02.18.39:272][  0]LogConfig: Setting CVar [[r.SkyAtmosphere.TransmittanceLUT.SampleCount:10.0]]
[2020.05.11-02.18.39:272][  0]LogConfig: Setting CVar [[r.SkyAtmosphere.MultiScatteringLUT.SampleCount:15.0]]
[2020.05.11-02.18.39:272][  0]LogConfig: Applying CVar settings from Section [FoliageQuality@3] File [C:/Users/adsu/Documents/GitHub/ProjectGame/GameProject/Saved/Config/Windows/Scalability.ini]
[2020.05.11-02.18.39:272][  0]LogConfig: Setting CVar [[foliage.DensityScale:1.0]]
[2020.05.11-02.18.39:272][  0]LogConfig: Setting CVar [[grass.DensityScale:1.0]]
[2020.05.11-02.18.39:272][  0]LogConfig: Applying CVar settings from Section [ShadingQuality@3] File [C:/Users/adsu/Documents/GitHub/ProjectGame/GameProject/Saved/Config/Windows/Scalability.ini]
[2020.05.11-02.18.39:273][  0]LogConfig: Setting CVar [[r.HairStrands.SkyLighting.SampleCount:16]]
[2020.05.11-02.18.39:273][  0]LogConfig: Setting CVar [[r.HairStrands.SkyLighting.JitterIntegration:0]]
[2020.05.11-02.18.39:273][  0]LogConfig: Setting CVar [[r.HairStrands.SkyAO.SampleCount:16]]
[2020.05.11-02.18.39:273][  0]LogConfig: Applying CVar settings from Section [Startup] File [../../../Engine/Config/ConsoleVariables.ini]
[2020.05.11-02.18.39:274][  0]LogConfig: Setting CVar [[net.UseAdaptiveNetUpdateFrequency:0]]
[2020.05.11-02.18.39:274][  0]LogConfig: Setting CVar [[p.chaos.AllowCreatePhysxBodies:1]]
[2020.05.11-02.18.39:274][  0]LogConfig: Applying CVar settings from Section [ConsoleVariables] File [C:/Users/adsu/Documents/GitHub/ProjectGame/GameProject/Saved/Config/Windows/Engine.ini]
[2020.05.11-02.18.39:274][  0]LogInit: Computer: DAILO
[2020.05.11-02.18.39:274][  0]LogInit: User: adsu
[2020.05.11-02.18.39:274][  0]LogInit: CPU Page size=4096, Cores=4
[2020.05.11-02.18.39:274][  0]LogInit: High frequency timer resolution =10.000000 MHz
[2020.05.11-02.18.39:275][  0]LogMemory: Memory total: Physical=15.9GB (16GB approx)
[2020.05.11-02.18.39:275][  0]LogMemory: Platform Memory Stats for Windows
[2020.05.11-02.18.39:275][  0]LogMemory: Process Physical Memory: 104.70 MB used, 104.71 MB peak
[2020.05.11-02.18.39:275][  0]LogMemory: Process Virtual Memory: 100.49 MB used, 100.49 MB peak
[2020.05.11-02.18.39:275][  0]LogMemory: Physical Memory: 5675.78 MB used,  10605.97 MB free, 16281.75 MB total
[2020.05.11-02.18.39:275][  0]LogMemory: Virtual Memory: 5137.55 MB used,  134212592.00 MB free, 134217728.00 MB total
[2020.05.11-02.18.39:283][  0]LogWindows: WindowsPlatformFeatures enabled
[2020.05.11-02.18.39:362][  0]LogInit: Using OS detected language (en-US).
[2020.05.11-02.18.39:362][  0]LogInit: Using OS detected locale (en-AU).
[2020.05.11-02.18.39:366][  0]LogTextLocalizationManager: No specific localization for 'en-US' exists, so the 'en' localization will be used.
[2020.05.11-02.18.39:803][  0]LogInit: Setting process to per monitor DPI aware
[2020.05.11-02.18.39:912][  0]LogSlate: New Slate User Created.  User Index 0, Is Virtual User: 0
[2020.05.11-02.18.39:912][  0]LogSlate: Slate User Registered.  User Index 0, Is Virtual User: 0
[2020.05.11-02.18.40:743][  0]LogHMD: Failed to initialize OpenVR with code 110
[2020.05.11-02.18.40:743][  0]LogD3D11RHI: D3D11 min allowed feature level: 11_0
[2020.05.11-02.18.40:743][  0]LogD3D11RHI: D3D11 max allowed feature level: 11_0
[2020.05.11-02.18.40:743][  0]LogD3D11RHI: D3D11 adapters:
[2020.05.11-02.18.40:798][  0]LogD3D11RHI:    0. 'Radeon (TM) 530' (Feature Level 11_0)
[2020.05.11-02.18.40:798][  0]LogD3D11RHI:       4087/0/8140 MB DedicatedVideo/DedicatedSystem/SharedSystem, Outputs:1, VendorId:0x1002
[2020.05.11-02.18.40:841][  0]LogD3D11RHI:    1. 'Intel(R) UHD Graphics 620' (Feature Level 11_0)
[2020.05.11-02.18.40:841][  0]LogD3D11RHI:       128/0/8140 MB DedicatedVideo/DedicatedSystem/SharedSystem, Outputs:0, VendorId:0x8086
[2020.05.11-02.18.40:850][  0]LogD3D11RHI:    2. 'Microsoft Basic Render Driver' (Feature Level 11_0)
[2020.05.11-02.18.40:850][  0]LogD3D11RHI:       0/0/8140 MB DedicatedVideo/DedicatedSystem/SharedSystem, Outputs:0, VendorId:0x1414
[2020.05.11-02.18.40:850][  0]LogD3D11RHI: Chosen D3D11 Adapter: 0
[2020.05.11-02.18.40:870][  0]LogD3D11RHI: Creating new Direct3DDevice
[2020.05.11-02.18.40:871][  0]LogD3D11RHI:     GPU DeviceId: 0x6900 (for the marketing name, search the web for "GPU Device Id")
[2020.05.11-02.18.40:871][  0]LogWindows: EnumDisplayDevices:
[2020.05.11-02.18.40:871][  0]LogWindows:    0. 'Intel(R) UHD Graphics 620' (P:1 D:1)
[2020.05.11-02.18.40:872][  0]LogWindows:    1. 'Intel(R) UHD Graphics 620' (P:0 D:0)
[2020.05.11-02.18.40:873][  0]LogWindows:    2. 'Intel(R) UHD Graphics 620' (P:0 D:0)
[2020.05.11-02.18.40:874][  0]LogWindows: DebugString: PrimaryIsNotTheChoosenAdapter PrimaryIsNotTheChoosenAdapter PrimaryIsNotTheChoosenAdapter FoundDriverCount:0 
[2020.05.11-02.18.40:874][  0]LogD3D11RHI:     Adapter Name: Radeon (TM) 530
[2020.05.11-02.18.40:874][  0]LogD3D11RHI:   Driver Version: Unknown (internal:Unknown, unified:Unknown)
[2020.05.11-02.18.40:874][  0]LogD3D11RHI:      Driver Date: Unknown
[2020.05.11-02.18.40:874][  0]LogRHI: Texture pool is 2861 MB (70% of 4087 MB)
[2020.05.11-02.18.41:436][  0]LogD3D11RHI: RHI does not have support for 64 bit atomics
[2020.05.11-02.18.41:436][  0]LogD3D11RHI: Async texture creation enabled
[2020.05.11-02.18.41:460][  0]LogD3D11RHI: GPU Timing Frequency: 27.000000 (Debug: 2 1)
[2020.05.11-02.18.42:514][  0]LogTargetPlatformManager: Display: Loaded TargetPlatform 'AllDesktop'
[2020.05.11-02.18.42:615][  0]LogTargetPlatformManager: Display: Loaded TargetPlatform 'Android'
[2020.05.11-02.18.42:615][  0]LogTargetPlatformManager: Display: Loaded TargetPlatform 'Android_ASTC'
[2020.05.11-02.18.42:615][  0]LogTargetPlatformManager: Display: Loaded TargetPlatform 'Android_ATC'
[2020.05.11-02.18.42:615][  0]LogTargetPlatformManager: Display: Loaded TargetPlatform 'Android_DXT'
[2020.05.11-02.18.42:615][  0]LogTargetPlatformManager: Display: Loaded TargetPlatform 'Android_ETC1'
[2020.05.11-02.18.42:615][  0]LogTargetPlatformManager: Display: Loaded TargetPlatform 'Android_ETC1a'
[2020.05.11-02.18.42:615][  0]LogTargetPlatformManager: Display: Loaded TargetPlatform 'Android_ETC2'
[2020.05.11-02.18.42:615][  0]LogTargetPlatformManager: Display: Loaded TargetPlatform 'Android_PVRTC'
[2020.05.11-02.18.42:615][  0]LogTargetPlatformManager: Display: Loaded TargetPlatform 'AndroidClient'
[2020.05.11-02.18.42:615][  0]LogTargetPlatformManager: Display: Loaded TargetPlatform 'Android_ASTCClient'
[2020.05.11-02.18.42:615][  0]LogTargetPlatformManager: Display: Loaded TargetPlatform 'Android_ATCClient'
[2020.05.11-02.18.42:615][  0]LogTargetPlatformManager: Display: Loaded TargetPlatform 'Android_DXTClient'
[2020.05.11-02.18.42:615][  0]LogTargetPlatformManager: Display: Loaded TargetPlatform 'Android_ETC1Client'
[2020.05.11-02.18.42:615][  0]LogTargetPlatformManager: Display: Loaded TargetPlatform 'Android_ETC1aClient'
[2020.05.11-02.18.42:615][  0]LogTargetPlatformManager: Display: Loaded TargetPlatform 'Android_ETC2Client'
[2020.05.11-02.18.42:615][  0]LogTargetPlatformManager: Display: Loaded TargetPlatform 'Android_PVRTCClient'
[2020.05.11-02.18.42:615][  0]LogTargetPlatformManager: Display: Loaded TargetPlatform 'Android_Multi'
[2020.05.11-02.18.42:615][  0]LogTargetPlatformManager: Display: Loaded TargetPlatform 'Android_MultiClient'
[2020.05.11-02.18.42:678][  0]LogTargetPlatformManager: Display: Loaded TargetPlatform 'IOSClient'
[2020.05.11-02.18.42:678][  0]LogTargetPlatformManager: Display: Loaded TargetPlatform 'IOS'
[2020.05.11-02.18.42:704][  0]LogTargetPlatformManager: Display: Loaded TargetPlatform 'LinuxNoEditor'
[2020.05.11-02.18.42:729][  0]LogTargetPlatformManager: Display: Loaded TargetPlatform 'LinuxClient'
[2020.05.11-02.18.42:755][  0]LogTargetPlatformManager: Display: Loaded TargetPlatform 'LinuxServer'
[2020.05.11-02.18.42:792][  0]LogTargetPlatformManager: Display: Loaded TargetPlatform 'LinuxAArch64NoEditor'
[2020.05.11-02.18.42:817][  0]LogTargetPlatformManager: Display: Loaded TargetPlatform 'LinuxAArch64Client'
[2020.05.11-02.18.42:843][  0]LogTargetPlatformManager: Display: Loaded TargetPlatform 'LinuxAArch64Server'
[2020.05.11-02.18.42:939][  0]LogTargetPlatformManager: Display: Loaded TargetPlatform 'Lumin'
[2020.05.11-02.18.42:939][  0]LogTargetPlatformManager: Display: Loaded TargetPlatform 'LuminClient'
[2020.05.11-02.18.42:997][  0]LogTargetPlatformManager: Display: Loaded TargetPlatform 'TVOSClient'
[2020.05.11-02.18.42:997][  0]LogTargetPlatformManager: Display: Loaded TargetPlatform 'TVOS'
[2020.05.11-02.18.43:022][  0]LogTargetPlatformManager: Display: Loaded TargetPlatform 'WindowsNoEditor'
[2020.05.11-02.18.43:050][  0]LogTargetPlatformManager: Display: Loaded TargetPlatform 'Windows'
[2020.05.11-02.18.43:074][  0]LogTargetPlatformManager: Display: Loaded TargetPlatform 'WindowsClient'
[2020.05.11-02.18.43:100][  0]LogTargetPlatformManager: Display: Loaded TargetPlatform 'WindowsServer'
[2020.05.11-02.18.43:100][  0]LogTargetPlatformManager: Display: Building Assets For Windows
[2020.05.11-02.18.43:121][  0]LogAudioDebug: Display: Lib vorbis DLL was dynamically loaded.
[2020.05.11-02.18.43:297][  0]LogShaderCompilers: Guid format shader working directory is -9 characters bigger than the processId version (C:/Users/adsu/Documents/GitHub/ProjectGame/GameProject/Intermediate/Shaders/WorkingDirectory/4540/).
[2020.05.11-02.18.43:298][  0]LogShaderCompilers: Cleaned the shader compiler working directory 'C:/Users/adsu/AppData/Local/Temp/UnrealShaderWorkingDir/7E12AAC242B75FF96A5A59B08F8AD4AA/'.
[2020.05.11-02.18.43:300][  0]LogXGEController: Cannot use XGE Controller as Incredibuild is not installed on this machine.
[2020.05.11-02.18.43:301][  0]LogShaderCompilers: Cannot use XGE Shader Compiler as Incredibuild is not installed on this machine.
[2020.05.11-02.18.43:301][  0]LogShaderCompilers: Display: Using Local Shader Compiler.
[2020.05.11-02.18.45:785][  0]LogDerivedDataCache: Display: Max Cache Size: 512 MB
[2020.05.11-02.18.45:919][  0]LogDerivedDataCache: Loaded boot cache 0.13s 78MB C:/Users/adsu/AppData/Local/UnrealEngine/4.24/DerivedDataCache/Boot.ddc.
[2020.05.11-02.18.45:919][  0]LogDerivedDataCache: Display: Loaded Boot cache: C:/Users/adsu/AppData/Local/UnrealEngine/4.24/DerivedDataCache/Boot.ddc
[2020.05.11-02.18.45:920][  0]LogDerivedDataCache: FDerivedDataBackendGraph:  Pak pak cache file C:/Users/adsu/Documents/GitHub/ProjectGame/GameProject/DerivedDataCache/DDC.ddp not found, will not use a pak cache.
[2020.05.11-02.18.45:920][  0]LogDerivedDataCache: Unable to find inner node Pak for hierarchical cache Hierarchy.
[2020.05.11-02.18.45:920][  0]LogDerivedDataCache: FDerivedDataBackendGraph:  CompressedPak pak cache file C:/Users/adsu/Documents/GitHub/ProjectGame/GameProject/DerivedDataCache/Compressed.ddp not found, will not use a pak cache.
[2020.05.11-02.18.45:920][  0]LogDerivedDataCache: Unable to find inner node CompressedPak for hierarchical cache Hierarchy.
[2020.05.11-02.18.45:951][  0]LogDerivedDataCache: Display: Pak cache opened for reading ../../../Engine/DerivedDataCache/Compressed.ddp.
[2020.05.11-02.18.45:952][  0]LogDerivedDataCache: FDerivedDataBackendGraph:  EnterprisePak pak cache file ../../../Enterprise/DerivedDataCache/Compressed.ddp not found, will not use a pak cache.
[2020.05.11-02.18.45:952][  0]LogDerivedDataCache: Unable to find inner node EnterprisePak for hierarchical cache Hierarchy.
[2020.05.11-02.18.45:956][  0]LogDerivedDataCache: Using Local data cache path C:/Users/adsu/AppData/Local/UnrealEngine/Common/DerivedDataCache: Writable
[2020.05.11-02.18.45:956][  0]LogDerivedDataCache: Shared data cache path not found in *engine.ini, will not use an Shared cache.
[2020.05.11-02.18.45:956][  0]LogDerivedDataCache: Unable to find inner node Shared for hierarchical cache Hierarchy.
[2020.05.11-02.18.46:038][  0]LogMaterial: Verifying Global Shaders for PCD3D_SM5
[2020.05.11-02.18.46:055][  0]LogSlate: Using FreeType 2.10.0
[2020.05.11-02.18.46:056][  0]LogSlate: SlateFontServices - WITH_FREETYPE: 1, WITH_HARFBUZZ: 1
[2020.05.11-02.18.46:278][  0]LogAssetRegistry: FAssetRegistry took 0.0082 seconds to start up
[2020.05.11-02.18.47:185][  0]LogInit: Selected Device Profile: [Windows]
[2020.05.11-02.18.47:699][  0]LogMeshReduction: Using QuadricMeshReduction for automatic static mesh reduction
[2020.05.11-02.18.47:699][  0]LogMeshReduction: Using SimplygonMeshReduction for automatic skeletal mesh reduction
[2020.05.11-02.18.47:699][  0]LogMeshReduction: Using ProxyLODMeshReduction for automatic mesh merging
[2020.05.11-02.18.47:699][  0]LogMeshReduction: No distributed automatic mesh merging module available
[2020.05.11-02.18.47:700][  0]LogMeshMerging: No distributed automatic mesh merging module available
[2020.05.11-02.18.47:732][  0]LogNetVersion: GameProject 1.0.0, NetCL: 10570792, EngineNetVer: 13, GameNetVer: 0 (Checksum: 1766646218)
[2020.05.11-02.18.51:562][  0]LogPackageLocalizationCache: Processed 10 localized package path(s) for 1 prioritized culture(s) in 0.131055 seconds
[2020.05.11-02.18.51:579][  0]LogUObjectArray: 46750 objects as part of root set at end of initial load.
[2020.05.11-02.18.51:579][  0]LogUObjectAllocator: 8137160 out of 0 bytes used by permanent object pool.
[2020.05.11-02.18.51:579][  0]LogUObjectArray: CloseDisregardForGC: 0/0 objects in disregard for GC pool
[2020.05.11-02.18.52:965][  0]LogTcpMessaging: Initializing TcpMessaging bridge
[2020.05.11-02.18.52:973][  0]LogUdpMessaging: Initializing bridge on interface 0.0.0.0:0 to multicast group 230.0.0.1:6666.
[2020.05.11-02.18.53:150][  0]SourceControl: Source control is disabled
[2020.05.11-02.18.53:151][  0]SourceControl: Source control is disabled
[2020.05.11-02.18.53:155][  0]SourceControl: Source control is disabled
[2020.05.11-02.18.53:159][  0]SourceControl: Source control is disabled
[2020.05.11-02.18.53:163][  0]SourceControl: Source control is disabled
[2020.05.11-02.18.53:526][  0]LogAndroidPermission: UAndroidPermissionCallbackProxy::GetInstance
[2020.05.11-02.18.53:567][  0]LogAudioCaptureCore: Display: No Audio Capture implementations found. Audio input will be silent.
[2020.05.11-02.18.53:568][  0]LogAudioCaptureCore: Display: No Audio Capture implementations found. Audio input will be silent.
[2020.05.11-02.18.53:865][  0]LogOcInput: OculusInput pre-init called
[2020.05.11-02.18.53:908][  0]LogWindows: Failed to load 'OVRPlugin.dll' (GetLastError=126)
[2020.05.11-02.18.53:909][  0]LogWindows: File 'OVRPlugin.dll' does not exist
[2020.05.11-02.18.54:131][  0]LogEngine: Initializing Engine...
[2020.05.11-02.18.54:134][  0]LogHMD: Failed to initialize OpenVR with code 110
[2020.05.11-02.18.54:137][  0]LogStats: UGameplayTagsManager::InitializeManager -  0.001 s
[2020.05.11-02.18.55:243][  0]LogInit: Initializing FReadOnlyCVARCache
[2020.05.11-02.18.55:270][  0]LogAIModule: Creating AISystem for world Untitled
[2020.05.11-02.18.55:298][  0]LogAudioMixer: Display: Audio Mixer Platform Settings:
[2020.05.11-02.18.55:298][  0]LogAudioMixer: Display: 	Sample Rate:						  48000
[2020.05.11-02.18.55:298][  0]LogAudioMixer: Display: 	Callback Buffer Frame Size Requested: 1024
[2020.05.11-02.18.55:298][  0]LogAudioMixer: Display: 	Callback Buffer Frame Size To Use:	  1024
[2020.05.11-02.18.55:298][  0]LogAudioMixer: Display: 	Number of buffers to queue:			  2
[2020.05.11-02.18.55:299][  0]LogAudioMixer: Display: 	Max Channels (voices):				  32
[2020.05.11-02.18.55:299][  0]LogAudioMixer: Display: 	Number of Async Source Workers:		  0
[2020.05.11-02.18.55:299][  0]LogAudio: Display: AudioDevice MaxSources: 32
[2020.05.11-02.18.55:299][  0]LogAudio: Display: Using built-in audio occlusion.
[2020.05.11-02.18.55:299][  0]LogAudioMixer: Display: Initializing audio mixer.
[2020.05.11-02.18.55:441][  0]LogAudioMixer: Display: Audio Device Output Speaker Info:
[2020.05.11-02.18.55:441][  0]LogAudioMixer: Display: Name: Headphones (BeatsSolo Wireless Stereo)
[2020.05.11-02.18.55:441][  0]LogAudioMixer: Display: Is Default: Yes
[2020.05.11-02.18.55:441][  0]LogAudioMixer: Display: Sample Rate: 44100
[2020.05.11-02.18.55:442][  0]LogAudioMixer: Display: Channel Count Used: 2
[2020.05.11-02.18.55:442][  0]LogAudioMixer: Display: Device Channel Count: 2
[2020.05.11-02.18.55:442][  0]LogAudioMixer: Display: Channel Order:
[2020.05.11-02.18.55:442][  0]LogAudioMixer: Display: 0: FrontLeft
[2020.05.11-02.18.55:442][  0]LogAudioMixer: Display: 1: FrontRight
[2020.05.11-02.18.55:501][  0]LogAudioMixer: Display: Using Audio Device Headphones (BeatsSolo Wireless Stereo)
[2020.05.11-02.18.55:512][  0]LogInit: FAudioDevice initialized.
[2020.05.11-02.18.55:513][  0]LogNetVersion: Set ProjectVersion to 1.0.0.0. Version Checksum will be recalculated on next use.
[2020.05.11-02.18.55:663][  0]LogDerivedDataCache: Saved boot cache 0.15s 78MB C:/Users/adsu/AppData/Local/UnrealEngine/4.24/DerivedDataCache/Boot.ddc.
[2020.05.11-02.18.55:664][  0]LogInit: Texture streaming: Enabled
[2020.05.11-02.18.55:700][  0]LogEngineSessionManager: EngineSessionManager initialized
[2020.05.11-02.18.55:700][  0]LogEditorSessionSummary: Verbose: Initializing EditorSessionSummaryWriter for editor session tracking
[2020.05.11-02.18.55:724][  0]LogEditorSessionSummary: EditorSessionSummaryWriter initialized
[2020.05.11-02.18.55:869][  0]LogInit: Transaction tracking system initialized
[2020.05.11-02.18.55:912][  0]BlueprintLog: New page: Editor Load
[2020.05.11-02.18.56:024][  0]LocalizationService: Localization service is disabled
[2020.05.11-02.18.57:138][  0]LogFileCache: Scanning file cache for directory 'C:/Users/adsu/Documents/GitHub/ProjectGame/GameProject/Content/' took 0.02s
[2020.05.11-02.18.57:138][  0]LogCook: Display: Max memory allowance for cook 16384mb min free memory 0mb
[2020.05.11-02.18.57:138][  0]LogCook: Display: Mobile HDR setting 1
[2020.05.11-02.18.59:996][  0]SourceControl: Source control is disabled
[2020.05.11-02.18.59:996][  0]Cmd: MAP LOAD FILE="C:/Users/adsu/Documents/GitHub/ProjectGame/GameProject/Content/__MyContent/Maps/Level_1.umap" TEMPLATE=0 SHOWPROGRESS=1 FEATURELEVEL=3
[2020.05.11-02.18.59:997][  0]LightingResults: New page: Lighting Build
[2020.05.11-02.19.00:000][  0]LogWorld: UWorld::CleanupWorld for Untitled, bSessionEnded=true, bCleanupResources=true
[2020.05.11-02.19.00:001][  0]LogSlate: InvalidateAllWidgets triggered.  All widgets were invalidated
[2020.05.11-02.19.00:001][  0]MapCheck: New page: Map Check
[2020.05.11-02.19.00:001][  0]LightingResults: New page: Lighting Build
[2020.05.11-02.19.00:078][  0]LogUObjectHash: Compacting FUObjectHashTables data took   4.48ms
[2020.05.11-02.19.01:015][  0]LogAIModule: Creating AISystem for world Level_1
[2020.05.11-02.19.01:035][  0]LogEditorServer: Finished looking for orphan Actors (0.000 secs)
[2020.05.11-02.19.01:120][  0]LogUObjectHash: Compacting FUObjectHashTables data took   5.79ms
[2020.05.11-02.19.01:121][  0]Cmd: MAP CHECKDEP NOCLEARLOG
[2020.05.11-02.19.01:121][  0]MapCheck: Map check complete: 0 Error(s), 0 Warning(s), took 0.421ms to complete.
[2020.05.11-02.19.01:121][  0]LogFileHelpers: Loading map 'Level_1' took 1.125
[2020.05.11-02.19.01:415][  0]LogSlate: Updating window title bar state: overlay mode, drag disabled, window buttons hidden, title bar hidden
[2020.05.11-02.19.01:434][  0]LogSlate: Updating window title bar state: overlay mode, drag disabled, window buttons hidden, title bar hidden
[2020.05.11-02.19.01:455][  0]LogSlate: Updating window title bar state: overlay mode, drag disabled, window buttons hidden, title bar hidden
[2020.05.11-02.19.01:473][  0]LogSlate: Updating window title bar state: overlay mode, drag disabled, window buttons hidden, title bar hidden
[2020.05.11-02.19.01:495][  0]LogCollectionManager: Loaded 0 collections in 0.002920 seconds
[2020.05.11-02.19.01:530][  0]LogFileCache: Scanning file cache for directory 'C:/Users/adsu/Documents/GitHub/ProjectGame/GameProject/Saved/Collections/' took 0.00s
[2020.05.11-02.19.01:530][  0]LogFileCache: Scanning file cache for directory 'C:/Users/adsu/Documents/GitHub/ProjectGame/GameProject/Content/Developers/adsu/Collections/' took 0.00s
[2020.05.11-02.19.01:530][  0]LogFileCache: Scanning file cache for directory 'C:/Users/adsu/Documents/GitHub/ProjectGame/GameProject/Content/Collections/' took 0.00s
[2020.05.11-02.19.01:530][  0]LogContentBrowser: Native class hierarchy populated in 0.0240 seconds. Added 3015 classes and 717 folders.
[2020.05.11-02.19.01:542][  0]LogContentBrowser: Native class hierarchy updated for 'WidgetCarousel' in 0.0005 seconds. Added 0 classes and 0 folders.
[2020.05.11-02.19.01:847][  0]LogContentBrowser: Native class hierarchy updated for 'AddContentDialog' in 0.0006 seconds. Added 0 classes and 0 folders.
[2020.05.11-02.19.01:857][  0]LogContentBrowser: Native class hierarchy updated for 'SceneOutliner' in 0.0007 seconds. Added 2 classes and 3 folders.
[2020.05.11-02.19.02:232][  0]LogContentBrowser: Native class hierarchy updated for 'HierarchicalLODOutliner' in 0.0007 seconds. Added 0 classes and 0 folders.
[2020.05.11-02.19.02:232][  0]LogLoad: (Engine Initialization) Total time: 30.68 seconds
[2020.05.11-02.19.02:232][  0]LogLoad: (Engine Initialization) Total Blueprint compile time: 0.00 seconds
[2020.05.11-02.19.02:308][  0]LogContentStreaming: Texture pool size now 1000 MB
[2020.05.11-02.19.02:310][  0]LogSlate: Took 0.000625 seconds to synchronously load lazily loaded font '../../../Engine/Content/Slate/Fonts/Roboto-Regular.ttf' (155K)
[2020.05.11-02.19.02:316][  0]LogSlate: Took 0.000782 seconds to synchronously load lazily loaded font '../../../Engine/Content/Slate/Fonts/Roboto-Bold.ttf' (160K)
[2020.05.11-02.19.02:326][  0]LogSlate: Took 0.000670 seconds to synchronously load lazily loaded font '../../../Engine/Content/Editor/Slate/Fonts/FontAwesome.ttf' (139K)
[2020.05.11-02.19.02:554][  0]LogRenderer: Reallocating scene render targets to support 788x404 Format 10 NumSamples 1 (Frame:1).
[2020.05.11-02.19.02:554][  0]LogSlate: Took 0.000757 seconds to synchronously load lazily loaded font '../../../Engine/Content/Slate/Fonts/Roboto-Light.ttf' (167K)
[2020.05.11-02.19.02:888][  3]LogAssetRegistry: Asset discovery search completed in 16.6119 seconds
[2020.05.11-02.19.02:897][  3]LogCollectionManager: Fixed up redirectors for 0 collections in 0.000022 seconds (updated 0 objects)
[2020.05.11-02.19.06:307][188]LogRenderer: Reallocating scene render targets to support 944x468 Format 10 NumSamples 1 (Frame:188).
[2020.05.11-02.20.50:947][182]LogSlate: Took 0.000658 seconds to synchronously load lazily loaded font '../../../Engine/Content/Slate/Fonts/Roboto-Light.ttf' (167K)
[2020.05.11-02.20.53:188][182]LogSlate: Window 'Pick Parent Class' being destroyed
[2020.05.11-02.21.37:751][372]LogUObjectHash: Compacting FUObjectHashTables data took   5.61ms
[2020.05.11-02.21.37:754][372]LogMetaData: Removing '/Game/__MyContent/Blueprints/MyWaypointPlatform.MyWaypointPlatform:UserConstructionScript.K2Node_FunctionEntry_0' ref from Metadata '/Game/__MyContent/Blueprints/Myt.PackageMetaData'
[2020.05.11-02.21.37:754][372]LogMetaData: Removing '/Game/__MyContent/Blueprints/MyWaypointPlatform.SKEL_MyWaypointPlatform_C' ref from Metadata '/Game/__MyContent/Blueprints/Myt.PackageMetaData'
[2020.05.11-02.21.37:754][372]LogMetaData: Removing '/Game/__MyContent/Blueprints/MyWaypointPlatform.MyWaypointPlatform_C' ref from Metadata '/Game/__MyContent/Blueprints/Myt.PackageMetaData'
[2020.05.11-02.21.37:754][372]LogMetaData: Removing '/Game/__MyContent/Blueprints/MyWaypointPlatform.MyWaypointPlatform:EventGraph.K2Node_Event_0' ref from Metadata '/Game/__MyContent/Blueprints/Myt.PackageMetaData'
[2020.05.11-02.21.37:754][372]LogMetaData: Removing '/Game/__MyContent/Blueprints/MyWaypointPlatform.MyWaypointPlatform:EventGraph.K2Node_Event_1' ref from Metadata '/Game/__MyContent/Blueprints/Myt.PackageMetaData'
[2020.05.11-02.21.37:754][372]LogMetaData: Removing '/Game/__MyContent/Blueprints/MyWaypointPlatform.MyWaypointPlatform:EventGraph.K2Node_Event_2' ref from Metadata '/Game/__MyContent/Blueprints/Myt.PackageMetaData'
[2020.05.11-02.21.37:862][372]LogSavePackage: Moving 'C:/Users/adsu/Documents/GitHub/ProjectGame/GameProject/Saved/MyWaypointPlatform19FCE0A24817DD3C63099996DBC00E8E.tmp' to 'C:/Users/adsu/Documents/GitHub/ProjectGame/GameProject/Content/__MyContent/Blueprints/MyWaypointPlatform.uasset'
[2020.05.11-02.21.38:234][372]LogUObjectHash: Compacting FUObjectHashTables data took   4.42ms
[2020.05.11-02.21.38:331][372]LogUObjectHash: Compacting FUObjectHashTables data took   5.09ms
[2020.05.11-02.21.38:400][372]LogUObjectHash: Compacting FUObjectHashTables data took   1.58ms
[2020.05.11-02.21.38:528][372]AssetCheck: New page: Asset Save: MyWaypointPlatform
[2020.05.11-02.21.38:528][372]LogContentValidation: Display: Validating Blueprint /Game/__MyContent/Blueprints/MyWaypointPlatform.MyWaypointPlatform
[2020.05.11-02.21.39:821][481]LogAssetEditorSubsystem: Opening Asset editor for Blueprint /Game/__MyContent/Blueprints/MyWaypointPlatform.MyWaypointPlatform
[2020.05.11-02.21.40:771][481]LogContentBrowser: Native class hierarchy updated for 'BlueprintGraph' in 0.0013 seconds. Added 121 classes and 0 folders.
[2020.05.11-02.21.43:820][482]LogD3D11RHI: Error: agsDriverExtensionsDX11_SetDepthBounds(1,0.000000, 1.000000) returned error code 2. **********PLEASE UPDATE YOUR VIDEO DRIVERS*********
[2020.05.11-02.21.47:658][626]LogRenderer: Reallocating scene render targets to support 944x520 Format 10 NumSamples 1 (Frame:137).
[2020.05.11-02.21.48:021][661]LogSlate: Window 'MyWaypointPlatform' being destroyed
[2020.05.11-02.27.45:420][919]LogSlate: Took 0.331688 seconds to synchronously load lazily loaded font '../../../Engine/Content/Slate/Fonts/Roboto-Italic.ttf' (157K)
[2020.05.11-02.28.14:210][384]BlueprintLog: New page: Compile MyWaypointPlatform
[2020.05.11-02.28.15:002][384]LogUObjectHash: Compacting FUObjectHashTables data took  12.66ms
[2020.05.11-02.29.21:188][984]LogEditorViewport: Clicking on Actor (LMB): StaticMeshActor (Floor)
[2020.05.11-02.29.50:689][ 64]LogEditorViewport: Clicking on Actor (LMB): BP_Sky_Sphere_C (Sky Sphere)
[2020.05.11-02.30.28:133][ 35]LogUObjectHash: Compacting FUObjectHashTables data took   8.47ms
[2020.05.11-02.30.28:210][ 35]LogSavePackage: Moving 'C:/Users/adsu/Documents/GitHub/ProjectGame/GameProject/Saved/Level_1_Auto102A5FD584CC8328E74A8F095B51EA952.tmp' to 'C:/Users/adsu/Documents/GitHub/ProjectGame/GameProject/Saved/Autosaves/Game/__MyContent/Maps/Level_1_Auto1.umap'
[2020.05.11-02.30.28:220][ 35]LogFileHelpers: Editor autosave (incl. sublevels) for '/Game/__MyContent/Maps/Level_1' took 0.187
[2020.05.11-02.30.28:220][ 35]LogFileHelpers: Editor autosave (incl. sublevels) for all levels took 0.187
[2020.05.11-02.30.28:222][ 35]OBJ SavePackage: Generating thumbnails for [1] asset(s) in package [/Game/__MyContent/Blueprints/MyWaypointPlatform] ([1] browsable assets)...
[2020.05.11-02.30.28:265][ 35]OBJ SavePackage:     Rendered thumbnail for [Blueprint /Game/__MyContent/Blueprints/MyWaypointPlatform.MyWaypointPlatform]
[2020.05.11-02.30.28:265][ 35]OBJ SavePackage: Finished generating thumbnails for package [/Game/__MyContent/Blueprints/MyWaypointPlatform]
[2020.05.11-02.30.28:314][ 35]LogSavePackage: Moving 'C:/Users/adsu/Documents/GitHub/ProjectGame/GameProject/Saved/MyWaypointPlatform_Auto1E461E4C541EE9469272D9B8E901549F8.tmp' to 'C:/Users/adsu/Documents/GitHub/ProjectGame/GameProject/Saved/Autosaves/Game/__MyContent/Blueprints/MyWaypointPlatform_Auto1.uasset'
[2020.05.11-02.30.28:317][ 35]LogFileHelpers: Auto-saving content packages took 0.096
[2020.05.11-02.31.46:045][255]Cmd: DELETE
[2020.05.11-02.31.46:045][255]Cmd: ACTOR DELETE
[2020.05.11-02.31.46:049][255]LogEditorActor: Deleted Actor: StaticMeshActor
[2020.05.11-02.31.46:150][255]LogUObjectHash: Compacting FUObjectHashTables data took   6.43ms
[2020.05.11-02.31.46:152][255]LogEditorActor: Deleted 1 Actors (0.106 secs)
[2020.05.11-02.35.04:282][914]LogSlate: Took 0.117359 seconds to synchronously load lazily loaded font '../../../Engine/Content/Slate/Fonts/Roboto-BoldCondensedItalic.ttf' (160K)
[2020.05.11-02.35.41:356][863]BlueprintLog: New page: Compile MyWaypointPlatform
[2020.05.11-02.35.41:968][863]LogUObjectHash: Compacting FUObjectHashTables data took   9.29ms
[2020.05.11-02.37.01:033][399]LogEditorViewport: Clicking on Actor (LMB): MyWaypointPlatform_C (Platform 1)
[2020.05.11-02.38.30:908][ 67]LogSlate: Took 0.000765 seconds to synchronously load lazily loaded font '../../../Engine/Content/Slate/Fonts/Roboto-BoldCondensed.ttf' (158K)
[2020.05.11-02.39.25:511][828]BlueprintLog: New page: Compile MyWaypointPlatform
[2020.05.11-02.39.26:128][828]LogUObjectHash: Compacting FUObjectHashTables data took   8.83ms
[2020.05.11-02.43.36:178][900]BlueprintLog: New page: Compile MyWaypointPlatform
[2020.05.11-02.43.36:796][900]LogUObjectHash: Compacting FUObjectHashTables data took   8.71ms
[2020.05.11-02.44.45:533][477]LogUObjectHash: Compacting FUObjectHashTables data took   9.40ms
[2020.05.11-02.44.45:606][477]LogSavePackage: Moving 'C:/Users/adsu/Documents/GitHub/ProjectGame/GameProject/Saved/Level_1_Auto27DA1847F446288A926FC1D8358200E9F.tmp' to 'C:/Users/adsu/Documents/GitHub/ProjectGame/GameProject/Saved/Autosaves/Game/__MyContent/Maps/Level_1_Auto2.umap'
[2020.05.11-02.44.45:616][477]LogFileHelpers: Editor autosave (incl. sublevels) for '/Game/__MyContent/Maps/Level_1' took 0.172
[2020.05.11-02.44.45:616][477]LogFileHelpers: Editor autosave (incl. sublevels) for all levels took 0.172
[2020.05.11-02.44.45:617][477]OBJ SavePackage: Generating thumbnails for [0] asset(s) in package [/Game/__MyContent/Blueprints/MyWaypointPlatform] ([1] browsable assets)...
[2020.05.11-02.44.45:617][477]OBJ SavePackage: Finished generating thumbnails for package [/Game/__MyContent/Blueprints/MyWaypointPlatform]
[2020.05.11-02.44.45:659][477]LogSavePackage: Moving 'C:/Users/adsu/Documents/GitHub/ProjectGame/GameProject/Saved/MyWaypointPlatform_Auto22F0B37944BCA54F2835553A7F80619B3.tmp' to 'C:/Users/adsu/Documents/GitHub/ProjectGame/GameProject/Saved/Autosaves/Game/__MyContent/Blueprints/MyWaypointPlatform_Auto2.uasset'
[2020.05.11-02.44.45:663][477]LogFileHelpers: Auto-saving content packages took 0.047
[2020.05.11-02.48.55:051][749]LogEditorViewport: Clicking on Actor (LMB): BP_Sky_Sphere_C (Sky Sphere)
[2020.05.11-02.51.49:305][ 37]BlueprintLog: New page: Compile MyWaypointPlatform
[2020.05.11-02.51.49:925][ 37]LogUObjectHash: Compacting FUObjectHashTables data took   9.42ms
[2020.05.11-02.54.46:284][761]LogUObjectHash: Compacting FUObjectHashTables data took   8.41ms
[2020.05.11-02.54.46:350][761]LogSavePackage: Moving 'C:/Users/adsu/Documents/GitHub/ProjectGame/GameProject/Saved/Level_1_Auto349E66116479F99007A73F9ADF03E50FE.tmp' to 'C:/Users/adsu/Documents/GitHub/ProjectGame/GameProject/Saved/Autosaves/Game/__MyContent/Maps/Level_1_Auto3.umap'
[2020.05.11-02.54.46:362][761]LogFileHelpers: Editor autosave (incl. sublevels) for '/Game/__MyContent/Maps/Level_1' took 0.167
[2020.05.11-02.54.46:362][761]LogFileHelpers: Editor autosave (incl. sublevels) for all levels took 0.167
[2020.05.11-02.54.46:363][761]OBJ SavePackage: Generating thumbnails for [0] asset(s) in package [/Game/__MyContent/Blueprints/MyWaypointPlatform] ([1] browsable assets)...
[2020.05.11-02.54.46:363][761]OBJ SavePackage: Finished generating thumbnails for package [/Game/__MyContent/Blueprints/MyWaypointPlatform]
[2020.05.11-02.54.46:406][761]LogSavePackage: Moving 'C:/Users/adsu/Documents/GitHub/ProjectGame/GameProject/Saved/MyWaypointPlatform_Auto3B2B1ABDA4D906FD5EF4FE68CA69C66C7.tmp' to 'C:/Users/adsu/Documents/GitHub/ProjectGame/GameProject/Saved/Autosaves/Game/__MyContent/Blueprints/MyWaypointPlatform_Auto3.uasset'
[2020.05.11-02.54.46:411][761]LogFileHelpers: Auto-saving content packages took 0.049
[2020.05.11-03.20.48:465][678]LogFactory: FactoryCreateFile: StaticMesh with FbxFactory (0 0 C:\Users\adsu\Desktop\Marker.fbx)
[2020.05.11-03.20.48:502][678]LogFbx: Loading FBX Scene from C:\Users\adsu\Desktop\Marker.fbx
[2020.05.11-03.20.48:521][678]LogFbx: FBX Scene Loaded Succesfully
[2020.05.11-03.21.15:865][678]LogSlate: Window 'FBX Import Options' being destroyed
[2020.05.11-03.21.16:578][678]LogMaterial: Display: Missing cached shader map for material Exclamation, compiling. 
[2020.05.11-03.21.16:725][678]LogShaderCompilers: Display: Worker (1/5): shaders left to compile 15
[2020.05.11-03.21.16:725][678]LogShaderCompilers: Display: Worker (2/5): shaders left to compile 11
[2020.05.11-03.21.16:725][678]LogShaderCompilers: Display: Worker (3/5): shaders left to compile 7
[2020.05.11-03.21.16:725][678]LogShaderCompilers: Display: Worker (4/5): shaders left to compile 3
[2020.05.11-03.21.16:740][678]LogMaterial: Display: Missing cached shader map for material Body, compiling. 
[2020.05.11-03.21.16:779][678]LogFbx: Display: Triangulating static mesh Mesh
[2020.05.11-03.21.17:172][678]LogStaticMesh: Building static mesh Marker...
[2020.05.11-03.21.17:212][678]LogStaticMesh: Built static mesh [0.04s] /Game/__MyContent/Meshes/Marker/Marker.Marker
[2020.05.11-03.21.17:266][678]FBXImport: Warning: No smoothing group information was found in this FBX scene.  Please make sure to enable the 'Export Smoothing Groups' option in the FBX Exporter plug-in before exporting the file.  Even for tools that don't support smoothing groups, the FBX Exporter will generate appropriate smoothing data at export-time so that correct vertex normals can be inferred while importing. 
[2020.05.11-03.21.24:240][883]LogShaderCompilers: Display: Worker (4/5): shaders left to compile 15
[2020.05.11-03.21.25:712][942]LogSlate: Window 'Message Log' being destroyed
[2020.05.11-03.21.25:729][942]LogSlate: Window 'Message Log' being destroyed
[2020.05.11-03.21.26:440][973]LogShaderCompilers: Display: Worker (1/5): shaders left to compile 11
[2020.05.11-03.21.26:908][992]LogShaderCompilers: Display: Worker (2/5): shaders left to compile 8
[2020.05.11-03.21.27:775][ 32]LogShaderCompilers: Display: Worker (3/5): shaders left to compile 5
[2020.05.11-03.21.29:943][139]LogShaderCompilers: Display: Worker (4/5): shaders left to compile 3
[2020.05.11-03.21.30:859][185]LogShaderCompilers: Display: Worker (3/5): shaders left to compile 2
[2020.05.11-03.21.31:819][222]LogShaderCompilers: Display: Worker (1/5): shaders left to compile 1
[2020.05.11-03.21.34:521][385]LogUObjectHash: Compacting FUObjectHashTables data took  11.38ms
[2020.05.11-03.21.34:523][385]LogFileHelpers: Editor autosave (incl. sublevels) for '/Game/__MyContent/Maps/Level_1' took 0.167
[2020.05.11-03.21.34:527][385]OBJ SavePackage: Generating thumbnails for [1] asset(s) in package [/Game/__MyContent/Meshes/Marker/Marker] ([1] browsable assets)...
[2020.05.11-03.21.34:571][385]OBJ SavePackage:     Rendered thumbnail for [StaticMesh /Game/__MyContent/Meshes/Marker/Marker.Marker]
[2020.05.11-03.21.34:571][385]OBJ SavePackage: Finished generating thumbnails for package [/Game/__MyContent/Meshes/Marker/Marker]
[2020.05.11-03.21.34:624][385]LogSavePackage: Moving 'C:/Users/adsu/Documents/GitHub/ProjectGame/GameProject/Saved/Marker_Auto4E479B16D479DC9C5AA07128B34EE9F29.tmp' to 'C:/Users/adsu/Documents/GitHub/ProjectGame/GameProject/Saved/Autosaves/Game/__MyContent/Meshes/Marker/Marker_Auto4.uasset'
[2020.05.11-03.21.34:629][385]OBJ SavePackage: Generating thumbnails for [1] asset(s) in package [/Game/__MyContent/Meshes/Marker/Exclamation] ([1] browsable assets)...
[2020.05.11-03.21.34:667][385]OBJ SavePackage:     Rendered thumbnail for [Material /Game/__MyContent/Meshes/Marker/Exclamation.Exclamation]
[2020.05.11-03.21.34:667][385]OBJ SavePackage: Finished generating thumbnails for package [/Game/__MyContent/Meshes/Marker/Exclamation]
[2020.05.11-03.21.34:704][385]LogSavePackage: Moving 'C:/Users/adsu/Documents/GitHub/ProjectGame/GameProject/Saved/Exclamation_Auto4FBD8D1374B4B76EC2D45EFA9091C8919.tmp' to 'C:/Users/adsu/Documents/GitHub/ProjectGame/GameProject/Saved/Autosaves/Game/__MyContent/Meshes/Marker/Exclamation_Auto4.uasset'
[2020.05.11-03.21.34:709][385]OBJ SavePackage: Generating thumbnails for [1] asset(s) in package [/Game/__MyContent/Meshes/Marker/Body] ([1] browsable assets)...
[2020.05.11-03.21.34:747][385]OBJ SavePackage:     Rendered thumbnail for [Material /Game/__MyContent/Meshes/Marker/Body.Body]
[2020.05.11-03.21.34:748][385]OBJ SavePackage: Finished generating thumbnails for package [/Game/__MyContent/Meshes/Marker/Body]
[2020.05.11-03.21.34:787][385]LogSavePackage: Moving 'C:/Users/adsu/Documents/GitHub/ProjectGame/GameProject/Saved/Body_Auto43F789766426B6ABBF7A3D5A92B69B9AC.tmp' to 'C:/Users/adsu/Documents/GitHub/ProjectGame/GameProject/Saved/Autosaves/Game/__MyContent/Meshes/Marker/Body_Auto4.uasset'
[2020.05.11-03.21.34:794][385]LogFileHelpers: Auto-saving content packages took 0.269
[2020.05.11-03.21.47:393][694]LogAssetEditorSubsystem: Opening Asset editor for StaticMesh /Game/__MyContent/Meshes/Marker/Marker.Marker
[2020.05.11-03.21.50:076][695]LogRenderer: Reallocating scene render targets to support 944x684 Format 10 NumSamples 1 (Frame:1).
[2020.05.11-03.23.09:521][767]Cmd: OBJ SAVEPACKAGE PACKAGE="/Game/__MyContent/Meshes/Marker/Marker" FILE="C:/Users/adsu/Documents/GitHub/ProjectGame/GameProject/Content/__MyContent/Meshes/Marker/Marker.uasset" SILENT=true
[2020.05.11-03.23.09:574][767]LogSavePackage: Moving 'C:/Users/adsu/Documents/GitHub/ProjectGame/GameProject/Saved/MarkerA0E53F2B42B9AD2AA4ED39839AD2CA4A.tmp' to 'C:/Users/adsu/Documents/GitHub/ProjectGame/GameProject/Content/__MyContent/Meshes/Marker/Marker.uasset'
[2020.05.11-03.23.09:622][767]AssetCheck: New page: Asset Save: Marker
[2020.05.11-03.23.09:622][767]LogContentValidation: Display: Validating StaticMesh /Game/__MyContent/Meshes/Marker/Marker.Marker
[2020.05.11-03.23.45:727][525]LogActorFactory: Actor Factory created Marker
[2020.05.11-03.23.47:089][586]LogActorFactory: Actor Factory created Marker
[2020.05.11-03.23.48:915][641]LogActorFactory: Actor Factory created Marker
[2020.05.11-03.23.52:388][858]LogActorFactory: Actor Factory created Marker
[2020.05.11-03.23.53:405][914]LogActorFactory: Actor Factory created Marker
[2020.05.11-03.23.54:586][950]LogActorFactory: Actor Factory created Marker
[2020.05.11-03.23.56:364][ 63]LogActorFactory: Actor Factory created Marker
[2020.05.11-03.24.01:532][399]LogActorFactory: Actor Factory created Marker
[2020.05.11-03.24.11:969][921]LogEditorViewport: Clicking on Actor (LMB): StaticMeshActor (Floor)
[2020.05.11-03.30.14:408][292]BlueprintLog: New page: Compile MyWaypointPlatform
[2020.05.11-03.30.15:458][292]LogUObjectHash: Compacting FUObjectHashTables data took  15.17ms
[2020.05.11-03.30.16:190][336]LogSavePackage: Moving 'C:/Users/adsu/Documents/GitHub/ProjectGame/GameProject/Saved/MyWaypointPlatform37A56DFA471190B21B6F9C9375E1CDAE.tmp' to 'C:/Users/adsu/Documents/GitHub/ProjectGame/GameProject/Content/__MyContent/Blueprints/MyWaypointPlatform.uasset'
[2020.05.11-03.30.16:254][336]AssetCheck: New page: Asset Save: MyWaypointPlatform
[2020.05.11-03.30.16:254][336]LogContentValidation: Display: Validating Blueprint /Game/__MyContent/Blueprints/MyWaypointPlatform.MyWaypointPlatform
[2020.05.11-03.33.01:909][ 92]LogUObjectHash: Compacting FUObjectHashTables data took  13.60ms
[2020.05.11-03.33.01:989][ 92]LogSavePackage: Moving 'C:/Users/adsu/Documents/GitHub/ProjectGame/GameProject/Saved/Level_1_Auto54936A80A483E9CA9FC42639668DBFB5A.tmp' to 'C:/Users/adsu/Documents/GitHub/ProjectGame/GameProject/Saved/Autosaves/Game/__MyContent/Maps/Level_1_Auto5.umap'
[2020.05.11-03.33.01:998][ 92]LogFileHelpers: Editor autosave (incl. sublevels) for '/Game/__MyContent/Maps/Level_1' took 0.238
[2020.05.11-03.33.01:998][ 92]LogFileHelpers: Editor autosave (incl. sublevels) for all levels took 0.238
[2020.05.11-03.33.01:999][ 92]OBJ SavePackage: Generating thumbnails for [0] asset(s) in package [/Game/__MyContent/Blueprints/MyWaypointPlatform] ([1] browsable assets)...
[2020.05.11-03.33.01:999][ 92]OBJ SavePackage: Finished generating thumbnails for package [/Game/__MyContent/Blueprints/MyWaypointPlatform]
[2020.05.11-03.33.02:042][ 92]LogSavePackage: Moving 'C:/Users/adsu/Documents/GitHub/ProjectGame/GameProject/Saved/MyWaypointPlatform_Auto5978E5931464DD773E169C3B12D5312A2.tmp' to 'C:/Users/adsu/Documents/GitHub/ProjectGame/GameProject/Saved/Autosaves/Game/__MyContent/Blueprints/MyWaypointPlatform_Auto5.uasset'
[2020.05.11-03.33.02:046][ 92]LogFileHelpers: Auto-saving content packages took 0.049
